This file contains any messages produced by compilers while
running configure, to aid debugging if configure makes a mistake.

It was created by configure, which was
generated by GNU Autoconf 2.69.  Invocation command line was

  $ ./configure CFLAGS=-I/usr/include -I/usr/local/include LIBS=-static -L/mingw32/lib -lSDL_gfx -lSDL_image -lSDL_mixer  -L/mingw32/lib -lvorbisfile -lvorbis -lmingw32 -lSDLmain -lSDL  -lbz2 -lharfbuzz -lglib-2.0 -lintl -liconv -ltiff -ljpeg -llzma -lpng16 -lstdc++ -lwebp -lwinpthread -lz -larchive -lwinmm -lgdi32 -ldxguid -lasprintf -lcharset -lcrypto -lcurl -lexpat -lffi -lFLAC++ -lFLAC -lfontconfig -lformw -lfreeglut_static -lgdbm -lgettextlib -lgettextpo -lgif -lgio-2.0 -lglew32 -lglew32mx -lgmodule-2.0 -lgmp -lgmpxx -lgnurx -lgnutls -lgnutlsxx -lgobject-2.0 -lgthread-2.0 -lhistory -lhogweed -lidn -lisl -ljansson  -ljsoncpp -llua  -llzo2  -lmenuw -lmetalink -lminizip -lmpc -lmpfr -lncurses++w -lncursesw -lnettle -lnghttp2 -logg -lopenal -lpanelw -lphysfs -lpixman-1 -lreadline -lregex -lrtmp -lssh2 -lssl -lsystre -ltasn1 -ltclstub86 -ltermcap -ltheora -ltheoradec -ltheoraenc -ltkstub86 -ltre -lturbojpeg -lvorbisenc -lwebpdecoder -lwebpdemux -lwebpmux -lole32 -lws2_32 -mwindows

## --------- ##
## Platform. ##
## --------- ##

hostname = SKCC15N00768
uname -m = i686
uname -r = 2.5.1(0.297/5/3)
uname -s = MSYS_NT-6.1-WOW
uname -v = 2016-05-16 10:13

/usr/bin/uname -p = unknown
/bin/uname -X     = unknown

/bin/arch              = i686
/usr/bin/arch -k       = unknown
/usr/convex/getsysinfo = unknown
/usr/bin/hostinfo      = unknown
/bin/machine           = unknown
/usr/bin/oslevel       = unknown
/bin/universe          = unknown

PATH: /usr/local/bin
PATH: /usr/bin
PATH: /opt/bin
PATH: /mingw/bin


## ----------- ##
## Core tests. ##
## ----------- ##

configure:2283: checking for a BSD-compatible install
configure:2351: result: /usr/bin/install -c
configure:2362: checking whether build environment is sane
configure:2417: result: yes
configure:2455: WARNING: 'missing' script is too old or missing
configure:2568: checking for a thread-safe mkdir -p
configure:2607: result: /usr/bin/mkdir -p
configure:2614: checking for gawk
configure:2630: found /usr/bin/gawk
configure:2641: result: gawk
configure:2652: checking whether make sets $(MAKE)
configure:2674: result: yes
configure:2703: checking whether make supports nested variables
configure:2720: result: yes
configure:2854: checking build system type
configure:2868: result: i686-pc-msys
configure:2888: checking host system type
configure:2901: result: i686-pc-msys
configure:2974: checking for gcc
configure:2990: found /mingw/bin/gcc
configure:3001: result: gcc
configure:3230: checking for C compiler version
configure:3239: gcc --version >&5
gcc.exe (Rev1, Built by MSYS2 project) 5.3.0
Copyright (C) 2015 Free Software Foundation, Inc.
This is free software; see the source for copying conditions.  There is NO
warranty; not even for MERCHANTABILITY or FITNESS FOR A PARTICULAR PURPOSE.

configure:3250: $? = 0
configure:3239: gcc -v >&5
Using built-in specs.
COLLECT_GCC=C:\DEV\COMP\msys32\mingw32\bin\gcc.exe
COLLECT_LTO_WRAPPER=C:/DEV/COMP/msys32/mingw32/bin/../lib/gcc/i686-w64-mingw32/5.3.0/lto-wrapper.exe
Target: i686-w64-mingw32
Configured with: ../gcc-5.3.0/configure --prefix=/mingw32 --with-local-prefix=/mingw32/local --build=i686-w64-mingw32 --host=i686-w64-mingw32 --target=i686-w64-mingw32 --with-native-system-header-dir=/mingw32/i686-w64-mingw32/include --libexecdir=/mingw32/lib --with-gxx-include-dir=/mingw32/include/c++/5.3.0 --enable-bootstrap --with-arch=i686 --with-tune=generic --enable-languages=c,lto,c++,objc,obj-c++,fortran,ada --enable-shared --enable-static --enable-libatomic --enable-threads=posix --enable-graphite --enable-fully-dynamic-string --enable-libstdcxx-time=yes --disable-libstdcxx-pch --disable-libstdcxx-debug --enable-version-specific-runtime-libs --disable-isl-version-check --enable-lto --enable-libgomp --disable-multilib --enable-checking=release --disable-rpath --disable-win32-registry --disable-nls --disable-werror --disable-symvers --with-libiconv --with-system-zlib --with-gmp=/mingw32 --with-mpfr=/mingw32 --with-mpc=/mingw32 --with-isl=/mingw32 --with-pkgversion='Rev1, Built by MSYS2 project' --with-bugurl=http://sourceforge.net/projects/msys2 --with-gnu-as --with-gnu-ld --disable-sjlj-exceptions --with-dwarf2
Thread model: posix
gcc version 5.3.0 (Rev1, Built by MSYS2 project) 
configure:3250: $? = 0
configure:3239: gcc -V >&5
gcc.exe: error: unrecognized command line option '-V'
gcc.exe: fatal error: no input files
compilation terminated.
configure:3250: $? = 1
configure:3239: gcc -qversion >&5
gcc.exe: error: unrecognized command line option '-qversion'
gcc.exe: fatal error: no input files
compilation terminated.
configure:3250: $? = 1
configure:3270: checking whether the C compiler works
configure:3292: gcc -I/usr/include -I/usr/local/include   conftest.c -static -L/mingw32/lib -lSDL_gfx -lSDL_image -lSDL_mixer  -L/mingw32/lib -lvorbisfile -lvorbis -lmingw32 -lSDLmain -lSDL  -lbz2 -lharfbuzz -lglib-2.0 -lintl -liconv -ltiff -ljpeg -llzma -lpng16 -lstdc++ -lwebp -lwinpthread -lz -larchive -lwinmm -lgdi32 -ldxguid -lasprintf -lcharset -lcrypto -lcurl -lexpat -lffi -lFLAC++ -lFLAC -lfontconfig -lformw -lfreeglut_static -lgdbm -lgettextlib -lgettextpo -lgif -lgio-2.0 -lglew32 -lglew32mx -lgmodule-2.0 -lgmp -lgmpxx -lgnurx -lgnutls -lgnutlsxx -lgobject-2.0 -lgthread-2.0 -lhistory -lhogweed -lidn -lisl -ljansson  -ljsoncpp -llua  -llzo2  -lmenuw -lmetalink -lminizip -lmpc -lmpfr -lncurses++w -lncursesw -lnettle -lnghttp2 -logg -lopenal -lpanelw -lphysfs -lpixman-1 -lreadline -lregex -lrtmp -lssh2 -lssl -lsystre -ltasn1 -ltclstub86 -ltermcap -ltheora -ltheoradec -ltheoraenc -ltkstub86 -ltre -lturbojpeg -lvorbisenc -lwebpdecoder -lwebpdemux -lwebpmux -lole32 -lws2_32 -mwindows >&5
configure:3296: $? = 0
configure:3344: result: yes
configure:3347: checking for C compiler default output file name
configure:3349: result: a.exe
configure:3355: checking for suffix of executables
configure:3362: gcc -o conftest.exe -I/usr/include -I/usr/local/include   conftest.c -static -L/mingw32/lib -lSDL_gfx -lSDL_image -lSDL_mixer  -L/mingw32/lib -lvorbisfile -lvorbis -lmingw32 -lSDLmain -lSDL  -lbz2 -lharfbuzz -lglib-2.0 -lintl -liconv -ltiff -ljpeg -llzma -lpng16 -lstdc++ -lwebp -lwinpthread -lz -larchive -lwinmm -lgdi32 -ldxguid -lasprintf -lcharset -lcrypto -lcurl -lexpat -lffi -lFLAC++ -lFLAC -lfontconfig -lformw -lfreeglut_static -lgdbm -lgettextlib -lgettextpo -lgif -lgio-2.0 -lglew32 -lglew32mx -lgmodule-2.0 -lgmp -lgmpxx -lgnurx -lgnutls -lgnutlsxx -lgobject-2.0 -lgthread-2.0 -lhistory -lhogweed -lidn -lisl -ljansson  -ljsoncpp -llua  -llzo2  -lmenuw -lmetalink -lminizip -lmpc -lmpfr -lncurses++w -lncursesw -lnettle -lnghttp2 -logg -lopenal -lpanelw -lphysfs -lpixman-1 -lreadline -lregex -lrtmp -lssh2 -lssl -lsystre -ltasn1 -ltclstub86 -ltermcap -ltheora -ltheoradec -ltheoraenc -ltkstub86 -ltre -lturbojpeg -lvorbisenc -lwebpdecoder -lwebpdemux -lwebpmux -lole32 -lws2_32 -mwindows >&5
configure:3366: $? = 0
configure:3388: result: .exe
configure:3410: checking whether we are cross compiling
configure:3418: gcc -o conftest.exe -I/usr/include -I/usr/local/include   conftest.c -static -L/mingw32/lib -lSDL_gfx -lSDL_image -lSDL_mixer  -L/mingw32/lib -lvorbisfile -lvorbis -lmingw32 -lSDLmain -lSDL  -lbz2 -lharfbuzz -lglib-2.0 -lintl -liconv -ltiff -ljpeg -llzma -lpng16 -lstdc++ -lwebp -lwinpthread -lz -larchive -lwinmm -lgdi32 -ldxguid -lasprintf -lcharset -lcrypto -lcurl -lexpat -lffi -lFLAC++ -lFLAC -lfontconfig -lformw -lfreeglut_static -lgdbm -lgettextlib -lgettextpo -lgif -lgio-2.0 -lglew32 -lglew32mx -lgmodule-2.0 -lgmp -lgmpxx -lgnurx -lgnutls -lgnutlsxx -lgobject-2.0 -lgthread-2.0 -lhistory -lhogweed -lidn -lisl -ljansson  -ljsoncpp -llua  -llzo2  -lmenuw -lmetalink -lminizip -lmpc -lmpfr -lncurses++w -lncursesw -lnettle -lnghttp2 -logg -lopenal -lpanelw -lphysfs -lpixman-1 -lreadline -lregex -lrtmp -lssh2 -lssl -lsystre -ltasn1 -ltclstub86 -ltermcap -ltheora -ltheoradec -ltheoraenc -ltkstub86 -ltre -lturbojpeg -lvorbisenc -lwebpdecoder -lwebpdemux -lwebpmux -lole32 -lws2_32 -mwindows >&5
configure:3422: $? = 0
configure:3429: ./conftest.exe
configure:3433: $? = 0
configure:3448: result: no
configure:3453: checking for suffix of object files
configure:3475: gcc -c -I/usr/include -I/usr/local/include  conftest.c >&5
configure:3479: $? = 0
configure:3500: result: o
configure:3504: checking whether we are using the GNU C compiler
configure:3523: gcc -c -I/usr/include -I/usr/local/include  conftest.c >&5
configure:3523: $? = 0
configure:3532: result: yes
configure:3541: checking whether gcc accepts -g
configure:3561: gcc -c -g  conftest.c >&5
configure:3561: $? = 0
configure:3602: result: yes
configure:3619: checking for gcc option to accept ISO C89
configure:3682: gcc  -c -I/usr/include -I/usr/local/include  conftest.c >&5
configure:3682: $? = 0
configure:3695: result: none needed
configure:3720: checking whether gcc understands -c and -o together
configure:3742: gcc -c conftest.c -o conftest2.o
configure:3745: $? = 0
configure:3742: gcc -c conftest.c -o conftest2.o
configure:3745: $? = 0
configure:3757: result: yes
configure:3785: checking for style of include used by make
configure:3813: result: GNU
configure:3839: checking dependency style of gcc
configure:3950: result: gcc3
configure:4028: checking for g++
configure:4044: found /mingw/bin/g++
configure:4055: result: g++
configure:4082: checking for C++ compiler version
configure:4091: g++ --version >&5
g++.exe (Rev1, Built by MSYS2 project) 5.3.0
Copyright (C) 2015 Free Software Foundation, Inc.
This is free software; see the source for copying conditions.  There is NO
warranty; not even for MERCHANTABILITY or FITNESS FOR A PARTICULAR PURPOSE.

configure:4102: $? = 0
configure:4091: g++ -v >&5
Using built-in specs.
COLLECT_GCC=C:\DEV\COMP\msys32\mingw32\bin\g++.exe
COLLECT_LTO_WRAPPER=C:/DEV/COMP/msys32/mingw32/bin/../lib/gcc/i686-w64-mingw32/5.3.0/lto-wrapper.exe
Target: i686-w64-mingw32
Configured with: ../gcc-5.3.0/configure --prefix=/mingw32 --with-local-prefix=/mingw32/local --build=i686-w64-mingw32 --host=i686-w64-mingw32 --target=i686-w64-mingw32 --with-native-system-header-dir=/mingw32/i686-w64-mingw32/include --libexecdir=/mingw32/lib --with-gxx-include-dir=/mingw32/include/c++/5.3.0 --enable-bootstrap --with-arch=i686 --with-tune=generic --enable-languages=c,lto,c++,objc,obj-c++,fortran,ada --enable-shared --enable-static --enable-libatomic --enable-threads=posix --enable-graphite --enable-fully-dynamic-string --enable-libstdcxx-time=yes --disable-libstdcxx-pch --disable-libstdcxx-debug --enable-version-specific-runtime-libs --disable-isl-version-check --enable-lto --enable-libgomp --disable-multilib --enable-checking=release --disable-rpath --disable-win32-registry --disable-nls --disable-werror --disable-symvers --with-libiconv --with-system-zlib --with-gmp=/mingw32 --with-mpfr=/mingw32 --with-mpc=/mingw32 --with-isl=/mingw32 --with-pkgversion='Rev1, Built by MSYS2 project' --with-bugurl=http://sourceforge.net/projects/msys2 --with-gnu-as --with-gnu-ld --disable-sjlj-exceptions --with-dwarf2
Thread model: posix
gcc version 5.3.0 (Rev1, Built by MSYS2 project) 
configure:4102: $? = 0
configure:4091: g++ -V >&5
g++.exe: error: unrecognized command line option '-V'
g++.exe: fatal error: no input files
compilation terminated.
configure:4102: $? = 1
configure:4091: g++ -qversion >&5
g++.exe: error: unrecognized command line option '-qversion'
g++.exe: fatal error: no input files
compilation terminated.
configure:4102: $? = 1
configure:4106: checking whether we are using the GNU C++ compiler
configure:4125: g++ -c   conftest.cpp >&5
configure:4125: $? = 0
configure:4134: result: yes
configure:4143: checking whether g++ accepts -g
configure:4163: g++ -c -g  conftest.cpp >&5
configure:4163: $? = 0
configure:4204: result: yes
configure:4229: checking dependency style of g++
configure:4340: result: gcc3
configure:4399: checking for ranlib
configure:4415: found /mingw/bin/ranlib
configure:4426: result: ranlib
configure:4450: checking whether make sets $(MAKE)
configure:4472: result: yes
configure:4488: checking how to run the C preprocessor
configure:4519: gcc -E  conftest.c
configure:4519: $? = 0
configure:4533: gcc -E  conftest.c
conftest.c:11:28: fatal error: ac_nonexistent.h: No such file or directory
compilation terminated.
configure:4533: $? = 1
configure: failed program was:
| /* confdefs.h */
| #define PACKAGE_NAME ""
| #define PACKAGE_TARNAME ""
| #define PACKAGE_VERSION ""
| #define PACKAGE_STRING ""
| #define PACKAGE_BUGREPORT ""
| #define PACKAGE_URL ""
| #define PACKAGE "abe"
| #define VERSION "0.61"
| /* end confdefs.h.  */
| #include <ac_nonexistent.h>
configure:4558: result: gcc -E
configure:4578: gcc -E  conftest.c
configure:4578: $? = 0
configure:4592: gcc -E  conftest.c
conftest.c:11:28: fatal error: ac_nonexistent.h: No such file or directory
compilation terminated.
configure:4592: $? = 1
configure: failed program was:
| /* confdefs.h */
| #define PACKAGE_NAME ""
| #define PACKAGE_TARNAME ""
| #define PACKAGE_VERSION ""
| #define PACKAGE_STRING ""
| #define PACKAGE_BUGREPORT ""
| #define PACKAGE_URL ""
| #define PACKAGE "abe"
| #define VERSION "0.61"
| /* end confdefs.h.  */
| #include <ac_nonexistent.h>
configure:4621: checking for grep that handles long lines and -e
configure:4679: result: /usr/bin/grep
configure:4684: checking for egrep
configure:4746: result: /usr/bin/grep -E
configure:4751: checking for ANSI C header files
configure:4771: gcc -c -I/usr/include -I/usr/local/include  conftest.c >&5
configure:4771: $? = 0
configure:4844: gcc -o conftest.exe -I/usr/include -I/usr/local/include   conftest.c -static -L/mingw32/lib -lSDL_gfx -lSDL_image -lSDL_mixer  -L/mingw32/lib -lvorbisfile -lvorbis -lmingw32 -lSDLmain -lSDL  -lbz2 -lharfbuzz -lglib-2.0 -lintl -liconv -ltiff -ljpeg -llzma -lpng16 -lstdc++ -lwebp -lwinpthread -lz -larchive -lwinmm -lgdi32 -ldxguid -lasprintf -lcharset -lcrypto -lcurl -lexpat -lffi -lFLAC++ -lFLAC -lfontconfig -lformw -lfreeglut_static -lgdbm -lgettextlib -lgettextpo -lgif -lgio-2.0 -lglew32 -lglew32mx -lgmodule-2.0 -lgmp -lgmpxx -lgnurx -lgnutls -lgnutlsxx -lgobject-2.0 -lgthread-2.0 -lhistory -lhogweed -lidn -lisl -ljansson  -ljsoncpp -llua  -llzo2  -lmenuw -lmetalink -lminizip -lmpc -lmpfr -lncurses++w -lncursesw -lnettle -lnghttp2 -logg -lopenal -lpanelw -lphysfs -lpixman-1 -lreadline -lregex -lrtmp -lssh2 -lssl -lsystre -ltasn1 -ltclstub86 -ltermcap -ltheora -ltheoradec -ltheoraenc -ltkstub86 -ltre -lturbojpeg -lvorbisenc -lwebpdecoder -lwebpdemux -lwebpmux -lole32 -lws2_32 -mwindows >&5
configure:4844: $? = 0
configure:4844: ./conftest.exe
configure:4844: $? = 0
configure:4855: result: yes
configure:4868: checking for sys/types.h
configure:4868: gcc -c -I/usr/include -I/usr/local/include  conftest.c >&5
configure:4868: $? = 0
configure:4868: result: yes
configure:4868: checking for sys/stat.h
configure:4868: gcc -c -I/usr/include -I/usr/local/include  conftest.c >&5
configure:4868: $? = 0
configure:4868: result: yes
configure:4868: checking for stdlib.h
configure:4868: gcc -c -I/usr/include -I/usr/local/include  conftest.c >&5
configure:4868: $? = 0
configure:4868: result: yes
configure:4868: checking for string.h
configure:4868: gcc -c -I/usr/include -I/usr/local/include  conftest.c >&5
configure:4868: $? = 0
configure:4868: result: yes
configure:4868: checking for memory.h
configure:4868: gcc -c -I/usr/include -I/usr/local/include  conftest.c >&5
configure:4868: $? = 0
configure:4868: result: yes
configure:4868: checking for strings.h
configure:4868: gcc -c -I/usr/include -I/usr/local/include  conftest.c >&5
configure:4868: $? = 0
configure:4868: result: yes
configure:4868: checking for inttypes.h
configure:4868: gcc -c -I/usr/include -I/usr/local/include  conftest.c >&5
configure:4868: $? = 0
configure:4868: result: yes
configure:4868: checking for stdint.h
configure:4868: gcc -c -I/usr/include -I/usr/local/include  conftest.c >&5
configure:4868: $? = 0
configure:4868: result: yes
configure:4868: checking for unistd.h
configure:4868: gcc -c -I/usr/include -I/usr/local/include  conftest.c >&5
configure:4868: $? = 0
configure:4868: result: yes
configure:4883: checking sys/time.h usability
configure:4883: gcc -c -I/usr/include -I/usr/local/include  conftest.c >&5
configure:4883: $? = 0
configure:4883: result: yes
configure:4883: checking sys/time.h presence
configure:4883: gcc -E  conftest.c
configure:4883: $? = 0
configure:4883: result: yes
configure:4883: checking for sys/time.h
configure:4883: result: yes
configure:4883: checking for unistd.h
configure:4883: result: yes
configure:4894: checking for an ANSI C-conforming const
configure:4960: gcc -c -I/usr/include -I/usr/local/include  conftest.c >&5
configure:4960: $? = 0
configure:4967: result: yes
configure:4975: checking whether time.h and sys/time.h may both be included
configure:4995: gcc -c -I/usr/include -I/usr/local/include  conftest.c >&5
configure:4995: $? = 0
configure:5002: result: yes
configure:5014: checking for getcwd
configure:5014: gcc -o conftest.exe -I/usr/include -I/usr/local/include   conftest.c -static -L/mingw32/lib -lSDL_gfx -lSDL_image -lSDL_mixer  -L/mingw32/lib -lvorbisfile -lvorbis -lmingw32 -lSDLmain -lSDL  -lbz2 -lharfbuzz -lglib-2.0 -lintl -liconv -ltiff -ljpeg -llzma -lpng16 -lstdc++ -lwebp -lwinpthread -lz -larchive -lwinmm -lgdi32 -ldxguid -lasprintf -lcharset -lcrypto -lcurl -lexpat -lffi -lFLAC++ -lFLAC -lfontconfig -lformw -lfreeglut_static -lgdbm -lgettextlib -lgettextpo -lgif -lgio-2.0 -lglew32 -lglew32mx -lgmodule-2.0 -lgmp -lgmpxx -lgnurx -lgnutls -lgnutlsxx -lgobject-2.0 -lgthread-2.0 -lhistory -lhogweed -lidn -lisl -ljansson  -ljsoncpp -llua  -llzo2  -lmenuw -lmetalink -lminizip -lmpc -lmpfr -lncurses++w -lncursesw -lnettle -lnghttp2 -logg -lopenal -lpanelw -lphysfs -lpixman-1 -lreadline -lregex -lrtmp -lssh2 -lssl -lsystre -ltasn1 -ltclstub86 -ltermcap -ltheora -ltheoradec -ltheoraenc -ltkstub86 -ltre -lturbojpeg -lvorbisenc -lwebpdecoder -lwebpdemux -lwebpmux -lole32 -lws2_32 -mwindows >&5
configure:5014: $? = 0
configure:5014: result: yes
configure:5014: checking for gettimeofday
configure:5014: gcc -o conftest.exe -I/usr/include -I/usr/local/include   conftest.c -static -L/mingw32/lib -lSDL_gfx -lSDL_image -lSDL_mixer  -L/mingw32/lib -lvorbisfile -lvorbis -lmingw32 -lSDLmain -lSDL  -lbz2 -lharfbuzz -lglib-2.0 -lintl -liconv -ltiff -ljpeg -llzma -lpng16 -lstdc++ -lwebp -lwinpthread -lz -larchive -lwinmm -lgdi32 -ldxguid -lasprintf -lcharset -lcrypto -lcurl -lexpat -lffi -lFLAC++ -lFLAC -lfontconfig -lformw -lfreeglut_static -lgdbm -lgettextlib -lgettextpo -lgif -lgio-2.0 -lglew32 -lglew32mx -lgmodule-2.0 -lgmp -lgmpxx -lgnurx -lgnutls -lgnutlsxx -lgobject-2.0 -lgthread-2.0 -lhistory -lhogweed -lidn -lisl -ljansson  -ljsoncpp -llua  -llzo2  -lmenuw -lmetalink -lminizip -lmpc -lmpfr -lncurses++w -lncursesw -lnettle -lnghttp2 -logg -lopenal -lpanelw -lphysfs -lpixman-1 -lreadline -lregex -lrtmp -lssh2 -lssl -lsystre -ltasn1 -ltclstub86 -ltermcap -ltheora -ltheoradec -ltheoraenc -ltkstub86 -ltre -lturbojpeg -lvorbisenc -lwebpdecoder -lwebpdemux -lwebpmux -lole32 -lws2_32 -mwindows >&5
configure:5014: $? = 0
configure:5014: result: yes
configure:5014: checking for strdup
configure:5014: gcc -o conftest.exe -I/usr/include -I/usr/local/include   conftest.c -static -L/mingw32/lib -lSDL_gfx -lSDL_image -lSDL_mixer  -L/mingw32/lib -lvorbisfile -lvorbis -lmingw32 -lSDLmain -lSDL  -lbz2 -lharfbuzz -lglib-2.0 -lintl -liconv -ltiff -ljpeg -llzma -lpng16 -lstdc++ -lwebp -lwinpthread -lz -larchive -lwinmm -lgdi32 -ldxguid -lasprintf -lcharset -lcrypto -lcurl -lexpat -lffi -lFLAC++ -lFLAC -lfontconfig -lformw -lfreeglut_static -lgdbm -lgettextlib -lgettextpo -lgif -lgio-2.0 -lglew32 -lglew32mx -lgmodule-2.0 -lgmp -lgmpxx -lgnurx -lgnutls -lgnutlsxx -lgobject-2.0 -lgthread-2.0 -lhistory -lhogweed -lidn -lisl -ljansson  -ljsoncpp -llua  -llzo2  -lmenuw -lmetalink -lminizip -lmpc -lmpfr -lncurses++w -lncursesw -lnettle -lnghttp2 -logg -lopenal -lpanelw -lphysfs -lpixman-1 -lreadline -lregex -lrtmp -lssh2 -lssl -lsystre -ltasn1 -ltclstub86 -ltermcap -ltheora -ltheoradec -ltheoraenc -ltkstub86 -ltre -lturbojpeg -lvorbisenc -lwebpdecoder -lwebpdemux -lwebpmux -lole32 -lws2_32 -mwindows >&5
conftest.c:49:6: warning: conflicting types for built-in function 'strdup'
 char strdup ();
      ^
configure:5014: $? = 0
configure:5014: result: yes
configure:5027: checking for finite
configure:5027: gcc -o conftest.exe -I/usr/include -I/usr/local/include   conftest.c -static -L/mingw32/lib -lSDL_gfx -lSDL_image -lSDL_mixer  -L/mingw32/lib -lvorbisfile -lvorbis -lmingw32 -lSDLmain -lSDL  -lbz2 -lharfbuzz -lglib-2.0 -lintl -liconv -ltiff -ljpeg -llzma -lpng16 -lstdc++ -lwebp -lwinpthread -lz -larchive -lwinmm -lgdi32 -ldxguid -lasprintf -lcharset -lcrypto -lcurl -lexpat -lffi -lFLAC++ -lFLAC -lfontconfig -lformw -lfreeglut_static -lgdbm -lgettextlib -lgettextpo -lgif -lgio-2.0 -lglew32 -lglew32mx -lgmodule-2.0 -lgmp -lgmpxx -lgnurx -lgnutls -lgnutlsxx -lgobject-2.0 -lgthread-2.0 -lhistory -lhogweed -lidn -lisl -ljansson  -ljsoncpp -llua  -llzo2  -lmenuw -lmetalink -lminizip -lmpc -lmpfr -lncurses++w -lncursesw -lnettle -lnghttp2 -logg -lopenal -lpanelw -lphysfs -lpixman-1 -lreadline -lregex -lrtmp -lssh2 -lssl -lsystre -ltasn1 -ltclstub86 -ltermcap -ltheora -ltheoradec -ltheoraenc -ltkstub86 -ltre -lturbojpeg -lvorbisenc -lwebpdecoder -lwebpdemux -lwebpmux -lole32 -lws2_32 -mwindows >&5
conftest.c:50:6: warning: conflicting types for built-in function 'finite'
 char finite ();
      ^
configure:5027: $? = 0
configure:5027: result: yes
configure:5027: checking for isnan
configure:5027: gcc -o conftest.exe -I/usr/include -I/usr/local/include   conftest.c -static -L/mingw32/lib -lSDL_gfx -lSDL_image -lSDL_mixer  -L/mingw32/lib -lvorbisfile -lvorbis -lmingw32 -lSDLmain -lSDL  -lbz2 -lharfbuzz -lglib-2.0 -lintl -liconv -ltiff -ljpeg -llzma -lpng16 -lstdc++ -lwebp -lwinpthread -lz -larchive -lwinmm -lgdi32 -ldxguid -lasprintf -lcharset -lcrypto -lcurl -lexpat -lffi -lFLAC++ -lFLAC -lfontconfig -lformw -lfreeglut_static -lgdbm -lgettextlib -lgettextpo -lgif -lgio-2.0 -lglew32 -lglew32mx -lgmodule-2.0 -lgmp -lgmpxx -lgnurx -lgnutls -lgnutlsxx -lgobject-2.0 -lgthread-2.0 -lhistory -lhogweed -lidn -lisl -ljansson  -ljsoncpp -llua  -llzo2  -lmenuw -lmetalink -lminizip -lmpc -lmpfr -lncurses++w -lncursesw -lnettle -lnghttp2 -logg -lopenal -lpanelw -lphysfs -lpixman-1 -lreadline -lregex -lrtmp -lssh2 -lssl -lsystre -ltasn1 -ltclstub86 -ltermcap -ltheora -ltheoradec -ltheoraenc -ltkstub86 -ltre -lturbojpeg -lvorbisenc -lwebpdecoder -lwebpdemux -lwebpmux -lole32 -lws2_32 -mwindows >&5
conftest.c:51:6: warning: conflicting types for built-in function 'isnan'
 char isnan ();
      ^
configure:5027: $? = 0
configure:5027: result: yes
configure:5039: checking for _finite
configure:5039: gcc -o conftest.exe -I/usr/include -I/usr/local/include   conftest.c -static -L/mingw32/lib -lSDL_gfx -lSDL_image -lSDL_mixer  -L/mingw32/lib -lvorbisfile -lvorbis -lmingw32 -lSDLmain -lSDL  -lbz2 -lharfbuzz -lglib-2.0 -lintl -liconv -ltiff -ljpeg -llzma -lpng16 -lstdc++ -lwebp -lwinpthread -lz -larchive -lwinmm -lgdi32 -ldxguid -lasprintf -lcharset -lcrypto -lcurl -lexpat -lffi -lFLAC++ -lFLAC -lfontconfig -lformw -lfreeglut_static -lgdbm -lgettextlib -lgettextpo -lgif -lgio-2.0 -lglew32 -lglew32mx -lgmodule-2.0 -lgmp -lgmpxx -lgnurx -lgnutls -lgnutlsxx -lgobject-2.0 -lgthread-2.0 -lhistory -lhogweed -lidn -lisl -ljansson  -ljsoncpp -llua  -llzo2  -lmenuw -lmetalink -lminizip -lmpc -lmpfr -lncurses++w -lncursesw -lnettle -lnghttp2 -logg -lopenal -lpanelw -lphysfs -lpixman-1 -lreadline -lregex -lrtmp -lssh2 -lssl -lsystre -ltasn1 -ltclstub86 -ltermcap -ltheora -ltheoradec -ltheoraenc -ltkstub86 -ltre -lturbojpeg -lvorbisenc -lwebpdecoder -lwebpdemux -lwebpmux -lole32 -lws2_32 -mwindows >&5
configure:5039: $? = 0
configure:5039: result: yes
configure:5039: checking for _isnan
configure:5039: gcc -o conftest.exe -I/usr/include -I/usr/local/include   conftest.c -static -L/mingw32/lib -lSDL_gfx -lSDL_image -lSDL_mixer  -L/mingw32/lib -lvorbisfile -lvorbis -lmingw32 -lSDLmain -lSDL  -lbz2 -lharfbuzz -lglib-2.0 -lintl -liconv -ltiff -ljpeg -llzma -lpng16 -lstdc++ -lwebp -lwinpthread -lz -larchive -lwinmm -lgdi32 -ldxguid -lasprintf -lcharset -lcrypto -lcurl -lexpat -lffi -lFLAC++ -lFLAC -lfontconfig -lformw -lfreeglut_static -lgdbm -lgettextlib -lgettextpo -lgif -lgio-2.0 -lglew32 -lglew32mx -lgmodule-2.0 -lgmp -lgmpxx -lgnurx -lgnutls -lgnutlsxx -lgobject-2.0 -lgthread-2.0 -lhistory -lhogweed -lidn -lisl -ljansson  -ljsoncpp -llua  -llzo2  -lmenuw -lmetalink -lminizip -lmpc -lmpfr -lncurses++w -lncursesw -lnettle -lnghttp2 -logg -lopenal -lpanelw -lphysfs -lpixman-1 -lreadline -lregex -lrtmp -lssh2 -lssl -lsystre -ltasn1 -ltclstub86 -ltermcap -ltheora -ltheoradec -ltheoraenc -ltkstub86 -ltre -lturbojpeg -lvorbisenc -lwebpdecoder -lwebpdemux -lwebpmux -lole32 -lws2_32 -mwindows >&5
configure:5039: $? = 0
configure:5039: result: yes
configure:5050: checking ieeefp.h usability
configure:5050: gcc -c -I/usr/include -I/usr/local/include  conftest.c >&5
configure:5050: $? = 0
configure:5050: result: yes
configure:5050: checking ieeefp.h presence
configure:5050: gcc -E  conftest.c
configure:5050: $? = 0
configure:5050: result: yes
configure:5050: checking for ieeefp.h
configure:5050: result: yes
configure:5091: checking for Win32 platform
configure:5109: result: yes
configure:5112: checking for Mac OSX platform
configure:5130: result: no
configure:5826: checking for main in -ldl
configure:5845: gcc -o conftest.exe -I/usr/include -I/usr/local/include   conftest.c -ldl  -static -L/mingw32/lib -lSDL_gfx -lSDL_image -lSDL_mixer  -L/mingw32/lib -lvorbisfile -lvorbis -lmingw32 -lSDLmain -lSDL  -lbz2 -lharfbuzz -lglib-2.0 -lintl -liconv -ltiff -ljpeg -llzma -lpng16 -lstdc++ -lwebp -lwinpthread -lz -larchive -lwinmm -lgdi32 -ldxguid -lasprintf -lcharset -lcrypto -lcurl -lexpat -lffi -lFLAC++ -lFLAC -lfontconfig -lformw -lfreeglut_static -lgdbm -lgettextlib -lgettextpo -lgif -lgio-2.0 -lglew32 -lglew32mx -lgmodule-2.0 -lgmp -lgmpxx -lgnurx -lgnutls -lgnutlsxx -lgobject-2.0 -lgthread-2.0 -lhistory -lhogweed -lidn -lisl -ljansson  -ljsoncpp -llua  -llzo2  -lmenuw -lmetalink -lminizip -lmpc -lmpfr -lncurses++w -lncursesw -lnettle -lnghttp2 -logg -lopenal -lpanelw -lphysfs -lpixman-1 -lreadline -lregex -lrtmp -lssh2 -lssl -lsystre -ltasn1 -ltclstub86 -ltermcap -ltheora -ltheoradec -ltheoraenc -ltkstub86 -ltre -lturbojpeg -lvorbisenc -lwebpdecoder -lwebpdemux -lwebpmux -lole32 -lws2_32 -mwindows >&5
C:/DEV/COMP/msys32/mingw32/bin/../lib/gcc/i686-w64-mingw32/5.3.0/../../../../i686-w64-mingw32/bin/ld.exe: cannot find -ldl
collect2.exe: error: ld returned 1 exit status
configure:5845: $? = 1
configure: failed program was:
| /* confdefs.h */
| #define PACKAGE_NAME ""
| #define PACKAGE_TARNAME ""
| #define PACKAGE_VERSION ""
| #define PACKAGE_STRING ""
| #define PACKAGE_BUGREPORT ""
| #define PACKAGE_URL ""
| #define PACKAGE "abe"
| #define VERSION "0.61"
| #define STDC_HEADERS 1
| #define HAVE_SYS_TYPES_H 1
| #define HAVE_SYS_STAT_H 1
| #define HAVE_STDLIB_H 1
| #define HAVE_STRING_H 1
| #define HAVE_MEMORY_H 1
| #define HAVE_STRINGS_H 1
| #define HAVE_INTTYPES_H 1
| #define HAVE_STDINT_H 1
| #define HAVE_UNISTD_H 1
| #define HAVE_SYS_TIME_H 1
| #define HAVE_UNISTD_H 1
| #define TIME_WITH_SYS_TIME 1
| #define HAVE_GETCWD 1
| #define HAVE_GETTIMEOFDAY 1
| #define HAVE_STRDUP 1
| #define HAVE_FINITE 1
| #define HAVE_ISNAN 1
| #define HAVE__FINITE 1
| #define HAVE__ISNAN 1
| #define HAVE_IEEEFP_H 1
| /* end confdefs.h.  */
| 
| 
| int
| main ()
| {
| return main ();
|   ;
|   return 0;
| }
configure:5854: result: no
configure:5860: checking for main in -lm
configure:5879: gcc -o conftest.exe -I/usr/include -I/usr/local/include   conftest.c -lm  -static -L/mingw32/lib -lSDL_gfx -lSDL_image -lSDL_mixer  -L/mingw32/lib -lvorbisfile -lvorbis -lmingw32 -lSDLmain -lSDL  -lbz2 -lharfbuzz -lglib-2.0 -lintl -liconv -ltiff -ljpeg -llzma -lpng16 -lstdc++ -lwebp -lwinpthread -lz -larchive -lwinmm -lgdi32 -ldxguid -lasprintf -lcharset -lcrypto -lcurl -lexpat -lffi -lFLAC++ -lFLAC -lfontconfig -lformw -lfreeglut_static -lgdbm -lgettextlib -lgettextpo -lgif -lgio-2.0 -lglew32 -lglew32mx -lgmodule-2.0 -lgmp -lgmpxx -lgnurx -lgnutls -lgnutlsxx -lgobject-2.0 -lgthread-2.0 -lhistory -lhogweed -lidn -lisl -ljansson  -ljsoncpp -llua  -llzo2  -lmenuw -lmetalink -lminizip -lmpc -lmpfr -lncurses++w -lncursesw -lnettle -lnghttp2 -logg -lopenal -lpanelw -lphysfs -lpixman-1 -lreadline -lregex -lrtmp -lssh2 -lssl -lsystre -ltasn1 -ltclstub86 -ltermcap -ltheora -ltheoradec -ltheoraenc -ltkstub86 -ltre -lturbojpeg -lvorbisenc -lwebpdecoder -lwebpdemux -lwebpmux -lole32 -lws2_32 -mwindows >&5
configure:5879: $? = 0
configure:5888: result: yes
configure:5943: checking for sdl-config
configure:5961: found /mingw/bin/sdl-config
configure:5974: result: /mingw/bin/sdl-config
configure:5983: checking for SDL - version >= 1.0.1
configure:6068: gcc -o conftest.exe -I/usr/include -I/usr/local/include -I/mingw32/include/SDL -D_GNU_SOURCE=1 -Dmain=SDL_main   conftest.c -static -L/mingw32/lib -lSDL_gfx -lSDL_image -lSDL_mixer  -L/mingw32/lib -lvorbisfile -lvorbis -lmingw32 -lSDLmain -lSDL  -lbz2 -lharfbuzz -lglib-2.0 -lintl -liconv -ltiff -ljpeg -llzma -lpng16 -lstdc++ -lwebp -lwinpthread -lz -larchive -lwinmm -lgdi32 -ldxguid -lasprintf -lcharset -lcrypto -lcurl -lexpat -lffi -lFLAC++ -lFLAC -lfontconfig -lformw -lfreeglut_static -lgdbm -lgettextlib -lgettextpo -lgif -lgio-2.0 -lglew32 -lglew32mx -lgmodule-2.0 -lgmp -lgmpxx -lgnurx -lgnutls -lgnutlsxx -lgobject-2.0 -lgthread-2.0 -lhistory -lhogweed -lidn -lisl -ljansson  -ljsoncpp -llua  -llzo2  -lmenuw -lmetalink -lminizip -lmpc -lmpfr -lncurses++w -lncursesw -lnettle -lnghttp2 -logg -lopenal -lpanelw -lphysfs -lpixman-1 -lreadline -lregex -lrtmp -lssh2 -lssl -lsystre -ltasn1 -ltclstub86 -ltermcap -ltheora -ltheoradec -ltheoraenc -ltkstub86 -ltre -lturbojpeg -lvorbisenc -lwebpdecoder -lwebpdemux -lwebpmux -lole32 -lws2_32 -mwindows -L/mingw32/lib -lmingw32 -lSDLmain -lSDL -mwindows >&5
configure:6068: $? = 0
configure:6068: ./conftest.exe
configure:6068: $? = 0
configure:6082: result: yes
configure:6156: checking for SDL_JoystickOpen
configure:6156: gcc -o conftest.exe -I/usr/include -I/usr/local/include   conftest.c -static -L/mingw32/lib -lSDL_gfx -lSDL_image -lSDL_mixer  -L/mingw32/lib -lvorbisfile -lvorbis -lmingw32 -lSDLmain -lSDL  -lbz2 -lharfbuzz -lglib-2.0 -lintl -liconv -ltiff -ljpeg -llzma -lpng16 -lstdc++ -lwebp -lwinpthread -lz -larchive -lwinmm -lgdi32 -ldxguid -lasprintf -lcharset -lcrypto -lcurl -lexpat -lffi -lFLAC++ -lFLAC -lfontconfig -lformw -lfreeglut_static -lgdbm -lgettextlib -lgettextpo -lgif -lgio-2.0 -lglew32 -lglew32mx -lgmodule-2.0 -lgmp -lgmpxx -lgnurx -lgnutls -lgnutlsxx -lgobject-2.0 -lgthread-2.0 -lhistory -lhogweed -lidn -lisl -ljansson  -ljsoncpp -llua  -llzo2  -lmenuw -lmetalink -lminizip -lmpc -lmpfr -lncurses++w -lncursesw -lnettle -lnghttp2 -logg -lopenal -lpanelw -lphysfs -lpixman-1 -lreadline -lregex -lrtmp -lssh2 -lssl -lsystre -ltasn1 -ltclstub86 -ltermcap -ltheora -ltheoradec -ltheoraenc -ltkstub86 -ltre -lturbojpeg -lvorbisenc -lwebpdecoder -lwebpdemux -lwebpmux -lole32 -lws2_32 -mwindows  -luser32 -lgdi32 -lm -L/mingw32/lib -lmingw32 -lSDLmain -lSDL -mwindows >&5
configure:6156: $? = 0
configure:6156: result: yes
configure:6173: checking for Mix_OpenAudio in -lSDL_mixer
configure:6198: gcc -o conftest.exe -I/usr/include -I/usr/local/include   conftest.c -lSDL_mixer  -static -L/mingw32/lib -lSDL_gfx -lSDL_image -lSDL_mixer  -L/mingw32/lib -lvorbisfile -lvorbis -lmingw32 -lSDLmain -lSDL  -lbz2 -lharfbuzz -lglib-2.0 -lintl -liconv -ltiff -ljpeg -llzma -lpng16 -lstdc++ -lwebp -lwinpthread -lz -larchive -lwinmm -lgdi32 -ldxguid -lasprintf -lcharset -lcrypto -lcurl -lexpat -lffi -lFLAC++ -lFLAC -lfontconfig -lformw -lfreeglut_static -lgdbm -lgettextlib -lgettextpo -lgif -lgio-2.0 -lglew32 -lglew32mx -lgmodule-2.0 -lgmp -lgmpxx -lgnurx -lgnutls -lgnutlsxx -lgobject-2.0 -lgthread-2.0 -lhistory -lhogweed -lidn -lisl -ljansson  -ljsoncpp -llua  -llzo2  -lmenuw -lmetalink -lminizip -lmpc -lmpfr -lncurses++w -lncursesw -lnettle -lnghttp2 -logg -lopenal -lpanelw -lphysfs -lpixman-1 -lreadline -lregex -lrtmp -lssh2 -lssl -lsystre -ltasn1 -ltclstub86 -ltermcap -ltheora -ltheoradec -ltheoraenc -ltkstub86 -ltre -lturbojpeg -lvorbisenc -lwebpdecoder -lwebpdemux -lwebpmux -lole32 -lws2_32 -mwindows  -luser32 -lgdi32 -lm -L/mingw32/lib -lmingw32 -lSDLmain -lSDL -mwindows >&5
configure:6198: $? = 0
configure:6207: result: yes
configure:6365: checking that generated files are newer than configure
configure:6371: result: done
configure:6398: creating ./config.status

## ---------------------- ##
## Running config.status. ##
## ---------------------- ##

This file was extended by config.status, which was
generated by GNU Autoconf 2.69.  Invocation command line was

  CONFIG_FILES    = 
  CONFIG_HEADERS  = 
  CONFIG_LINKS    = 
  CONFIG_COMMANDS = 
  $ ./config.status 

on SKCC15N00768

config.status:899: creating Makefile
config.status:899: creating src/Makefile
config.status:899: creating config.h
config.status:1128: executing depfiles commands

## ---------------- ##
## Cache variables. ##
## ---------------- ##

ac_cv_build=i686-pc-msys
ac_cv_c_compiler_gnu=yes
ac_cv_c_const=yes
ac_cv_cxx_compiler_gnu=yes
ac_cv_env_CCC_set=
ac_cv_env_CCC_value=
ac_cv_env_CC_set=
ac_cv_env_CC_value=
ac_cv_env_CFLAGS_set=set
ac_cv_env_CFLAGS_value='-I/usr/include -I/usr/local/include'
ac_cv_env_CPPFLAGS_set=
ac_cv_env_CPPFLAGS_value=
ac_cv_env_CPP_set=
ac_cv_env_CPP_value=
ac_cv_env_CXXFLAGS_set=
ac_cv_env_CXXFLAGS_value=
ac_cv_env_CXX_set=
ac_cv_env_CXX_value=
ac_cv_env_LDFLAGS_set=
ac_cv_env_LDFLAGS_value=
ac_cv_env_LIBS_set=set
ac_cv_env_LIBS_value='-static -L/mingw32/lib -lSDL_gfx -lSDL_image -lSDL_mixer  -L/mingw32/lib -lvorbisfile -lvorbis -lmingw32 -lSDLmain -lSDL  -lbz2 -lharfbuzz -lglib-2.0 -lintl -liconv -ltiff -ljpeg -llzma -lpng16 -lstdc++ -lwebp -lwinpthread -lz -larchive -lwinmm -lgdi32 -ldxguid -lasprintf -lcharset -lcrypto -lcurl -lexpat -lffi -lFLAC++ -lFLAC -lfontconfig -lformw -lfreeglut_static -lgdbm -lgettextlib -lgettextpo -lgif -lgio-2.0 -lglew32 -lglew32mx -lgmodule-2.0 -lgmp -lgmpxx -lgnurx -lgnutls -lgnutlsxx -lgobject-2.0 -lgthread-2.0 -lhistory -lhogweed -lidn -lisl -ljansson  -ljsoncpp -llua  -llzo2  -lmenuw -lmetalink -lminizip -lmpc -lmpfr -lncurses++w -lncursesw -lnettle -lnghttp2 -logg -lopenal -lpanelw -lphysfs -lpixman-1 -lreadline -lregex -lrtmp -lssh2 -lssl -lsystre -ltasn1 -ltclstub86 -ltermcap -ltheora -ltheoradec -ltheoraenc -ltkstub86 -ltre -lturbojpeg -lvorbisenc -lwebpdecoder -lwebpdemux -lwebpmux -lole32 -lws2_32 -mwindows'
ac_cv_env_XMKMF_set=
ac_cv_env_XMKMF_value=
ac_cv_env_build_alias_set=
ac_cv_env_build_alias_value=
ac_cv_env_host_alias_set=
ac_cv_env_host_alias_value=
ac_cv_env_target_alias_set=
ac_cv_env_target_alias_value=
ac_cv_exeext=.exe
ac_cv_func_SDL_JoystickOpen=yes
ac_cv_func__finite=yes
ac_cv_func__isnan=yes
ac_cv_func_finite=yes
ac_cv_func_getcwd=yes
ac_cv_func_gettimeofday=yes
ac_cv_func_isnan=yes
ac_cv_func_strdup=yes
ac_cv_header_ieeefp_h=yes
ac_cv_header_inttypes_h=yes
ac_cv_header_memory_h=yes
ac_cv_header_stdc=yes
ac_cv_header_stdint_h=yes
ac_cv_header_stdlib_h=yes
ac_cv_header_string_h=yes
ac_cv_header_strings_h=yes
ac_cv_header_sys_stat_h=yes
ac_cv_header_sys_time_h=yes
ac_cv_header_sys_types_h=yes
ac_cv_header_time=yes
ac_cv_header_unistd_h=yes
ac_cv_host=i686-pc-msys
ac_cv_lib_SDL_mixer_Mix_OpenAudio=yes
ac_cv_lib_dl_main=no
ac_cv_lib_m_main=yes
ac_cv_objext=o
ac_cv_path_EGREP='/usr/bin/grep -E'
ac_cv_path_GREP=/usr/bin/grep
ac_cv_path_SDL_CONFIG=/mingw/bin/sdl-config
ac_cv_path_install='/usr/bin/install -c'
ac_cv_path_mkdir=/usr/bin/mkdir
ac_cv_prog_AWK=gawk
ac_cv_prog_CPP='gcc -E'
ac_cv_prog_ac_ct_CC=gcc
ac_cv_prog_ac_ct_CXX=g++
ac_cv_prog_ac_ct_RANLIB=ranlib
ac_cv_prog_cc_c89=
ac_cv_prog_cc_g=yes
ac_cv_prog_cxx_g=yes
ac_cv_prog_make_make_set=yes
am_cv_CC_dependencies_compiler_type=gcc3
am_cv_CXX_dependencies_compiler_type=gcc3
am_cv_make_support_nested_variables=yes
am_cv_prog_cc_c_o=yes

## ----------------- ##
## Output variables. ##
## ----------------- ##

ACLOCAL='aclocal-1.15'
AMDEPBACKSLASH='\'
AMDEP_FALSE='#'
AMDEP_TRUE=''
AMTAR='$${TAR-tar}'
AM_BACKSLASH='\'
AM_DEFAULT_V='$(AM_DEFAULT_VERBOSITY)'
AM_DEFAULT_VERBOSITY='1'
AM_V='$(V)'
AUTOCONF='autoconf'
AUTOHEADER='autoheader'
AUTOMAKE='automake-1.15'
AWK='gawk'
CC='gcc'
CCDEPMODE='depmode=gcc3'
CFLAGS='-I/usr/include -I/usr/local/include -O2 -Wall -fomit-frame-pointer -ffast-math -fexpensive-optimizations -I/mingw32/include/SDL -D_GNU_SOURCE=1 -Dmain=SDL_main'
CPP='gcc -E'
CPPFLAGS='  -DHAVE_SDL=1 -DHAVE_SDL_MIXER=1'
CXX='g++'
CXXDEPMODE='depmode=gcc3'
CXXFLAGS=' -O2 -Wall -fomit-frame-pointer -ffast-math -fexpensive-optimizations -I/mingw32/include/SDL -D_GNU_SOURCE=1 -Dmain=SDL_main'
CYGPATH_W='cygpath -w'
DEFS='-DHAVE_CONFIG_H'
DEPDIR='.deps'
ECHO_C=''
ECHO_N='-n'
ECHO_T=''
EGREP='/usr/bin/grep -E'
EXEEXT='.exe'
GREP='/usr/bin/grep'
INSTALL_DATA='${INSTALL} -m 644'
INSTALL_PROGRAM='${INSTALL}'
INSTALL_SCRIPT='${INSTALL}'
INSTALL_STRIP_PROGRAM='$(install_sh) -c -s'
LDFLAGS=''
LIBOBJS=''
LIBS='-static -L/mingw32/lib -lSDL_gfx -lSDL_image -lSDL_mixer  -L/mingw32/lib -lvorbisfile -lvorbis -lmingw32 -lSDLmain -lSDL  -lbz2 -lharfbuzz -lglib-2.0 -lintl -liconv -ltiff -ljpeg -llzma -lpng16 -lstdc++ -lwebp -lwinpthread -lz -larchive -lwinmm -lgdi32 -ldxguid -lasprintf -lcharset -lcrypto -lcurl -lexpat -lffi -lFLAC++ -lFLAC -lfontconfig -lformw -lfreeglut_static -lgdbm -lgettextlib -lgettextpo -lgif -lgio-2.0 -lglew32 -lglew32mx -lgmodule-2.0 -lgmp -lgmpxx -lgnurx -lgnutls -lgnutlsxx -lgobject-2.0 -lgthread-2.0 -lhistory -lhogweed -lidn -lisl -ljansson  -ljsoncpp -llua  -llzo2  -lmenuw -lmetalink -lminizip -lmpc -lmpfr -lncurses++w -lncursesw -lnettle -lnghttp2 -logg -lopenal -lpanelw -lphysfs -lpixman-1 -lreadline -lregex -lrtmp -lssh2 -lssl -lsystre -ltasn1 -ltclstub86 -ltermcap -ltheora -ltheoradec -ltheoraenc -ltkstub86 -ltre -lturbojpeg -lvorbisenc -lwebpdecoder -lwebpdemux -lwebpmux -lole32 -lws2_32 -mwindows  -luser32 -lgdi32 -lm -L/mingw32/lib -lmingw32 -lSDLmain -lSDL -mwindows -lSDL_mixer'
LTLIBOBJS=''
MAKEINFO='makeinfo'
MKDIR_P='/usr/bin/mkdir -p'
OBJEXT='o'
PACKAGE='abe'
PACKAGE_BUGREPORT=''
PACKAGE_NAME=''
PACKAGE_STRING=''
PACKAGE_TARNAME=''
PACKAGE_URL=''
PACKAGE_VERSION=''
PATH_SEPARATOR=':'
RANLIB='ranlib'
SDL_CFLAGS='-I/mingw32/include/SDL -D_GNU_SOURCE=1 -Dmain=SDL_main'
SDL_CONFIG='/mingw/bin/sdl-config'
SDL_LIBS='-L/mingw32/lib -lmingw32 -lSDLmain -lSDL -mwindows'
SET_MAKE=''
SHELL='/bin/sh'
STRIP=''
TR_CFLAGS='-O2 -Wall -fomit-frame-pointer -ffast-math -fexpensive-optimizations -I/mingw32/include/SDL -D_GNU_SOURCE=1 -Dmain=SDL_main'
TR_CPPFLAGS=' -DHAVE_SDL=1 -DHAVE_SDL_MIXER=1'
TR_CXXFLAGS='-O2 -Wall -fomit-frame-pointer -ffast-math -fexpensive-optimizations -I/mingw32/include/SDL -D_GNU_SOURCE=1 -Dmain=SDL_main'
TR_LIBS=' -luser32 -lgdi32 -lm -L/mingw32/lib -lmingw32 -lSDLmain -lSDL -mwindows -lSDL_mixer'
VERSION='0.61'
XMKMF=''
X_CFLAGS=''
X_EXTRA_LIBS=''
X_LIBS=''
X_PRE_LIBS=''
ac_ct_CC='gcc'
ac_ct_CXX='g++'
am__EXEEXT_FALSE='#'
am__EXEEXT_TRUE=''
am__fastdepCC_FALSE='#'
am__fastdepCC_TRUE=''
am__fastdepCXX_FALSE='#'
am__fastdepCXX_TRUE=''
am__include='include'
am__isrc=''
am__leading_dot='.'
am__nodep='_no'
am__quote=''
am__tar='$${TAR-tar} chof - "$$tardir"'
am__untar='$${TAR-tar} xf -'
bindir='${exec_prefix}/bin'
build='i686-pc-msys'
build_alias=''
build_cpu='i686'
build_os='msys'
build_vendor='pc'
datadir='${datarootdir}'
datarootdir='${prefix}/share'
docdir='${datarootdir}/doc/${PACKAGE}'
dvidir='${docdir}'
exec_prefix='${prefix}'
host='i686-pc-msys'
host_alias=''
host_cpu='i686'
host_os='msys'
host_vendor='pc'
htmldir='${docdir}'
includedir='${prefix}/include'
infodir='${datarootdir}/info'
install_sh='${SHELL} /home/03987/abe-1.1/install-sh'
libdir='${exec_prefix}/lib'
libexecdir='${exec_prefix}/libexec'
localedir='${datarootdir}/locale'
localstatedir='${prefix}/var'
mandir='${datarootdir}/man'
mkdir_p='$(MKDIR_P)'
oldincludedir='/usr/include'
pdfdir='${docdir}'
prefix='/usr/local'
program_transform_name='s,x,x,'
psdir='${docdir}'
sbindir='${exec_prefix}/sbin'
sharedstatedir='${prefix}/com'
sysconfdir='${prefix}/etc'
target_alias=''

## ----------- ##
## confdefs.h. ##
## ----------- ##

/* confdefs.h */
#define PACKAGE_NAME ""
#define PACKAGE_TARNAME ""
#define PACKAGE_VERSION ""
#define PACKAGE_STRING ""
#define PACKAGE_BUGREPORT ""
#define PACKAGE_URL ""
#define PACKAGE "abe"
#define VERSION "0.61"
#define STDC_HEADERS 1
#define HAVE_SYS_TYPES_H 1
#define HAVE_SYS_STAT_H 1
#define HAVE_STDLIB_H 1
#define HAVE_STRING_H 1
#define HAVE_MEMORY_H 1
#define HAVE_STRINGS_H 1
#define HAVE_INTTYPES_H 1
#define HAVE_STDINT_H 1
#define HAVE_UNISTD_H 1
#define HAVE_SYS_TIME_H 1
#define HAVE_UNISTD_H 1
#define TIME_WITH_SYS_TIME 1
#define HAVE_GETCWD 1
#define HAVE_GETTIMEOFDAY 1
#define HAVE_STRDUP 1
#define HAVE_FINITE 1
#define HAVE_ISNAN 1
#define HAVE__FINITE 1
#define HAVE__ISNAN 1
#define HAVE_IEEEFP_H 1
#define HAVE_SDL_JOYSTICKOPEN 1

configure: exit 0
